{"/Users/timizqi/repos/sudoku/spec/TestSpec.js":{"path":"/Users/timizqi/repos/sudoku/spec/TestSpec.js","s":{"1":1,"2":1,"3":1,"4":1,"5":1,"6":1,"7":1,"8":1,"9":1,"10":1},"b":{"1":[1,0],"2":[1,1]},"f":{"1":1},"fnMap":{"1":{"name":"_interopRequireDefault","line":7,"loc":{"start":{"line":7,"column":0},"end":{"line":7,"column":37}}}},"statementMap":{"1":{"start":{"line":3,"column":0},"end":{"line":3,"column":40}},"2":{"start":{"line":5,"column":0},"end":{"line":5,"column":45}},"3":{"start":{"line":7,"column":0},"end":{"line":7,"column":95}},"4":{"start":{"line":7,"column":39},"end":{"line":7,"column":93}},"5":{"start":{"line":9,"column":0},"end":{"line":17,"column":3}},"6":{"start":{"line":11,"column":2},"end":{"line":11,"column":37}},"7":{"start":{"line":12,"column":2},"end":{"line":12,"column":276}},"8":{"start":{"line":13,"column":2},"end":{"line":13,"column":277}},"9":{"start":{"line":14,"column":2},"end":{"line":16,"column":5}},"10":{"start":{"line":15,"column":4},"end":{"line":15,"column":48}}},"branchMap":{"1":{"line":7,"type":"cond-expr","locations":[{"start":{"line":7,"column":70},"end":{"line":7,"column":73}},{"start":{"line":7,"column":76},"end":{"line":7,"column":92}}]},"2":{"line":7,"type":"binary-expr","locations":[{"start":{"line":7,"column":46},"end":{"line":7,"column":49}},{"start":{"line":7,"column":53},"end":{"line":7,"column":67}}]}}},"/Users/timizqi/repos/sudoku/lib/index.js":{"path":"/Users/timizqi/repos/sudoku/lib/index.js","s":{"1":1,"2":1,"3":1,"4":1,"5":1,"6":1,"7":6,"8":6,"9":1,"10":1,"11":6,"12":6,"13":6,"14":54,"15":486,"16":147,"17":147,"18":0,"19":147,"20":147,"21":147,"22":1323,"23":3969,"24":1851,"25":1851,"26":1851,"27":2118,"28":0,"29":0,"30":2118,"31":147,"32":147,"33":147,"34":1323,"35":1001,"36":147,"37":147,"38":1001,"39":1001,"40":147,"41":147,"42":147,"43":147,"44":147,"45":147,"46":147,"47":441,"48":1323,"49":1323,"50":613,"51":1323,"52":147,"53":147,"54":6,"55":6,"56":54,"57":486,"58":339,"59":147,"60":147,"61":54,"62":6,"63":6,"64":147,"65":147,"66":147,"67":147,"68":147,"69":1323,"70":1323,"71":147,"72":1},"b":{"1":[6,0],"2":[6,6,6],"3":[147,339],"4":[486,435],"5":[51,96],"6":[0,147],"7":[1851,2118],"8":[3969,3969],"9":[1851,0],"10":[0,2118],"11":[2118,2118],"12":[322,1001],"13":[1323,322],"14":[613,710],"15":[1323,613],"16":[339,147],"17":[486,390],"18":[0,147],"19":[1323,0]},"f":{"1":1,"2":1,"3":6,"4":147,"5":147,"6":147,"7":6,"8":147,"9":147},"fnMap":{"1":{"name":"(anonymous_1)","line":7,"loc":{"start":{"line":7,"column":13},"end":{"line":7,"column":16}}},"2":{"name":"(anonymous_2)","line":8,"loc":{"start":{"line":8,"column":7},"end":{"line":8,"column":16}}},"3":{"name":"(anonymous_3)","line":25,"loc":{"start":{"line":25,"column":29},"end":{"line":25,"column":38}}},"4":{"name":"(anonymous_4)","line":40,"loc":{"start":{"line":40,"column":13},"end":{"line":40,"column":22}}},"5":{"name":"(anonymous_5)","line":59,"loc":{"start":{"line":59,"column":7},"end":{"line":59,"column":13}}},"6":{"name":"(anonymous_6)","line":73,"loc":{"start":{"line":73,"column":14},"end":{"line":73,"column":33}}},"7":{"name":"(anonymous_7)","line":92,"loc":{"start":{"line":92,"column":14},"end":{"line":92,"column":23}}},"8":{"name":"(anonymous_8)","line":109,"loc":{"start":{"line":109,"column":9},"end":{"line":109,"column":23}}},"9":{"name":"(anonymous_9)","line":112,"loc":{"start":{"line":112,"column":9},"end":{"line":112,"column":23}}}},"statementMap":{"1":{"start":{"line":3,"column":0},"end":{"line":5,"column":3}},"2":{"start":{"line":9,"column":4},"end":{"line":9,"column":20}},"3":{"start":{"line":10,"column":4},"end":{"line":20,"column":6}},"4":{"start":{"line":11,"column":6},"end":{"line":11,"column":23}},"5":{"start":{"line":12,"column":6},"end":{"line":12,"column":17}},"6":{"start":{"line":15,"column":6},"end":{"line":18,"column":29}},"7":{"start":{"line":16,"column":8},"end":{"line":16,"column":42}},"8":{"start":{"line":17,"column":8},"end":{"line":17,"column":48}},"9":{"start":{"line":19,"column":6},"end":{"line":19,"column":19}},"10":{"start":{"line":22,"column":4},"end":{"line":22,"column":29}},"11":{"start":{"line":26,"column":4},"end":{"line":26,"column":20}},"12":{"start":{"line":27,"column":4},"end":{"line":38,"column":5}},"13":{"start":{"line":28,"column":6},"end":{"line":35,"column":9}},"14":{"start":{"line":29,"column":8},"end":{"line":34,"column":11}},"15":{"start":{"line":30,"column":10},"end":{"line":33,"column":11}},"16":{"start":{"line":31,"column":12},"end":{"line":31,"column":166}},"17":{"start":{"line":32,"column":12},"end":{"line":32,"column":79}},"18":{"start":{"line":37,"column":6},"end":{"line":37,"column":13}},"19":{"start":{"line":41,"column":4},"end":{"line":41,"column":86}},"20":{"start":{"line":42,"column":4},"end":{"line":42,"column":25}},"21":{"start":{"line":43,"column":4},"end":{"line":56,"column":7}},"22":{"start":{"line":44,"column":6},"end":{"line":55,"column":9}},"23":{"start":{"line":45,"column":8},"end":{"line":53,"column":9}},"24":{"start":{"line":46,"column":10},"end":{"line":48,"column":11}},"25":{"start":{"line":47,"column":12},"end":{"line":47,"column":31}},"26":{"start":{"line":49,"column":10},"end":{"line":49,"column":22}},"27":{"start":{"line":50,"column":15},"end":{"line":53,"column":9}},"28":{"start":{"line":51,"column":10},"end":{"line":51,"column":29}},"29":{"start":{"line":52,"column":10},"end":{"line":52,"column":22}},"30":{"start":{"line":54,"column":8},"end":{"line":54,"column":21}},"31":{"start":{"line":57,"column":4},"end":{"line":57,"column":30}},"32":{"start":{"line":60,"column":4},"end":{"line":60,"column":16}},"33":{"start":{"line":61,"column":4},"end":{"line":65,"column":7}},"34":{"start":{"line":62,"column":6},"end":{"line":64,"column":7}},"35":{"start":{"line":63,"column":8},"end":{"line":63,"column":23}},"36":{"start":{"line":66,"column":4},"end":{"line":66,"column":18}},"37":{"start":{"line":67,"column":4},"end":{"line":70,"column":7}},"38":{"start":{"line":68,"column":6},"end":{"line":68,"column":31}},"39":{"start":{"line":69,"column":6},"end":{"line":69,"column":14}},"40":{"start":{"line":71,"column":4},"end":{"line":71,"column":15}},"41":{"start":{"line":74,"column":4},"end":{"line":74,"column":17}},"42":{"start":{"line":75,"column":4},"end":{"line":75,"column":13}},"43":{"start":{"line":76,"column":4},"end":{"line":88,"column":6}},"44":{"start":{"line":77,"column":6},"end":{"line":77,"column":23}},"45":{"start":{"line":78,"column":6},"end":{"line":78,"column":23}},"46":{"start":{"line":79,"column":6},"end":{"line":87,"column":7}},"47":{"start":{"line":80,"column":8},"end":{"line":86,"column":9}},"48":{"start":{"line":81,"column":10},"end":{"line":81,"column":30}},"49":{"start":{"line":82,"column":10},"end":{"line":84,"column":11}},"50":{"start":{"line":83,"column":12},"end":{"line":83,"column":27}},"51":{"start":{"line":85,"column":10},"end":{"line":85,"column":19}},"52":{"start":{"line":89,"column":4},"end":{"line":89,"column":31}},"53":{"start":{"line":90,"column":4},"end":{"line":90,"column":15}},"54":{"start":{"line":93,"column":4},"end":{"line":93,"column":19}},"55":{"start":{"line":94,"column":4},"end":{"line":104,"column":7}},"56":{"start":{"line":95,"column":6},"end":{"line":102,"column":9}},"57":{"start":{"line":96,"column":8},"end":{"line":101,"column":9}},"58":{"start":{"line":97,"column":10},"end":{"line":97,"column":19}},"59":{"start":{"line":99,"column":10},"end":{"line":99,"column":19}},"60":{"start":{"line":100,"column":10},"end":{"line":100,"column":19}},"61":{"start":{"line":103,"column":6},"end":{"line":103,"column":26}},"62":{"start":{"line":105,"column":4},"end":{"line":105,"column":52}},"63":{"start":{"line":106,"column":4},"end":{"line":106,"column":18}},"64":{"start":{"line":110,"column":4},"end":{"line":110,"column":23}},"65":{"start":{"line":113,"column":4},"end":{"line":113,"column":86}},"66":{"start":{"line":114,"column":4},"end":{"line":114,"column":25}},"67":{"start":{"line":115,"column":4},"end":{"line":115,"column":20}},"68":{"start":{"line":116,"column":4},"end":{"line":120,"column":7}},"69":{"start":{"line":117,"column":6},"end":{"line":119,"column":7}},"70":{"start":{"line":118,"column":8},"end":{"line":118,"column":30}},"71":{"start":{"line":121,"column":4},"end":{"line":121,"column":18}},"72":{"start":{"line":124,"column":0},"end":{"line":124,"column":25}}},"branchMap":{"1":{"line":27,"type":"if","locations":[{"start":{"line":27,"column":4},"end":{"line":27,"column":4}},{"start":{"line":27,"column":4},"end":{"line":27,"column":4}}]},"2":{"line":27,"type":"binary-expr","locations":[{"start":{"line":27,"column":8},"end":{"line":27,"column":29}},{"start":{"line":27,"column":33},"end":{"line":27,"column":52}},{"start":{"line":27,"column":56},"end":{"line":27,"column":78}}]},"3":{"line":30,"type":"if","locations":[{"start":{"line":30,"column":10},"end":{"line":30,"column":10}},{"start":{"line":30,"column":10},"end":{"line":30,"column":10}}]},"4":{"line":30,"type":"binary-expr","locations":[{"start":{"line":30,"column":14},"end":{"line":30,"column":24}},{"start":{"line":30,"column":28},"end":{"line":30,"column":47}}]},"5":{"line":32,"type":"cond-expr","locations":[{"start":{"line":32,"column":56},"end":{"line":32,"column":71}},{"start":{"line":32,"column":74},"end":{"line":32,"column":78}}]},"6":{"line":41,"type":"cond-expr","locations":[{"start":{"line":41,"column":40},"end":{"line":41,"column":54}},{"start":{"line":41,"column":57},"end":{"line":41,"column":85}}]},"7":{"line":45,"type":"if","locations":[{"start":{"line":45,"column":8},"end":{"line":45,"column":8}},{"start":{"line":45,"column":8},"end":{"line":45,"column":8}}]},"8":{"line":45,"type":"binary-expr","locations":[{"start":{"line":45,"column":12},"end":{"line":45,"column":23}},{"start":{"line":45,"column":27},"end":{"line":45,"column":46}}]},"9":{"line":46,"type":"if","locations":[{"start":{"line":46,"column":10},"end":{"line":46,"column":10}},{"start":{"line":46,"column":10},"end":{"line":46,"column":10}}]},"10":{"line":50,"type":"if","locations":[{"start":{"line":50,"column":15},"end":{"line":50,"column":15}},{"start":{"line":50,"column":15},"end":{"line":50,"column":15}}]},"11":{"line":50,"type":"binary-expr","locations":[{"start":{"line":50,"column":19},"end":{"line":50,"column":22}},{"start":{"line":50,"column":26},"end":{"line":50,"column":43}}]},"12":{"line":62,"type":"if","locations":[{"start":{"line":62,"column":6},"end":{"line":62,"column":6}},{"start":{"line":62,"column":6},"end":{"line":62,"column":6}}]},"13":{"line":62,"type":"binary-expr","locations":[{"start":{"line":62,"column":10},"end":{"line":62,"column":11}},{"start":{"line":62,"column":15},"end":{"line":62,"column":22}}]},"14":{"line":82,"type":"if","locations":[{"start":{"line":82,"column":10},"end":{"line":82,"column":10}},{"start":{"line":82,"column":10},"end":{"line":82,"column":10}}]},"15":{"line":82,"type":"binary-expr","locations":[{"start":{"line":82,"column":14},"end":{"line":82,"column":22}},{"start":{"line":82,"column":26},"end":{"line":82,"column":35}}]},"16":{"line":96,"type":"if","locations":[{"start":{"line":96,"column":8},"end":{"line":96,"column":8}},{"start":{"line":96,"column":8},"end":{"line":96,"column":8}}]},"17":{"line":96,"type":"binary-expr","locations":[{"start":{"line":96,"column":12},"end":{"line":96,"column":29}},{"start":{"line":96,"column":33},"end":{"line":96,"column":40}}]},"18":{"line":113,"type":"cond-expr","locations":[{"start":{"line":113,"column":40},"end":{"line":113,"column":54}},{"start":{"line":113,"column":57},"end":{"line":113,"column":85}}]},"19":{"line":117,"type":"if","locations":[{"start":{"line":117,"column":6},"end":{"line":117,"column":6}},{"start":{"line":117,"column":6},"end":{"line":117,"column":6}}]}}}}