TN:
SF:/Users/timizqi/repos/sudoku/spec/TestSpec.js
FN:7,_interopRequireDefault
FNF:1
FNH:1
FNDA:1,_interopRequireDefault
DA:3,1
DA:5,1
DA:7,1
DA:9,1
DA:11,1
DA:12,1
DA:13,1
DA:14,1
DA:15,1
LF:9
LH:9
BRDA:7,1,0,1
BRDA:7,1,1,0
BRDA:7,2,0,1
BRDA:7,2,1,1
BRF:4
BRH:3
end_of_record
TN:
SF:/Users/timizqi/repos/sudoku/lib/index.js
FN:7,(anonymous_1)
FN:8,(anonymous_2)
FN:25,(anonymous_3)
FN:40,(anonymous_4)
FN:59,(anonymous_5)
FN:73,(anonymous_6)
FN:92,(anonymous_7)
FN:109,(anonymous_8)
FN:112,(anonymous_9)
FNF:9
FNH:9
FNDA:1,(anonymous_1)
FNDA:1,(anonymous_2)
FNDA:6,(anonymous_3)
FNDA:147,(anonymous_4)
FNDA:147,(anonymous_5)
FNDA:147,(anonymous_6)
FNDA:6,(anonymous_7)
FNDA:147,(anonymous_8)
FNDA:147,(anonymous_9)
DA:3,1
DA:9,1
DA:10,1
DA:11,1
DA:12,1
DA:15,1
DA:16,6
DA:17,6
DA:19,1
DA:22,1
DA:26,6
DA:27,6
DA:28,6
DA:29,54
DA:30,486
DA:31,147
DA:32,147
DA:37,0
DA:41,147
DA:42,147
DA:43,147
DA:44,1323
DA:45,3969
DA:46,1851
DA:47,1851
DA:49,1851
DA:50,2118
DA:51,0
DA:52,0
DA:54,2118
DA:57,147
DA:60,147
DA:61,147
DA:62,1323
DA:63,1001
DA:66,147
DA:67,147
DA:68,1001
DA:69,1001
DA:71,147
DA:74,147
DA:75,147
DA:76,147
DA:77,147
DA:78,147
DA:79,147
DA:80,441
DA:81,1323
DA:82,1323
DA:83,613
DA:85,1323
DA:89,147
DA:90,147
DA:93,6
DA:94,6
DA:95,54
DA:96,486
DA:97,339
DA:99,147
DA:100,147
DA:103,54
DA:105,6
DA:106,6
DA:110,147
DA:113,147
DA:114,147
DA:115,147
DA:116,147
DA:117,1323
DA:118,1323
DA:121,147
DA:124,1
LF:72
LH:69
BRDA:27,1,0,6
BRDA:27,1,1,0
BRDA:27,2,0,6
BRDA:27,2,1,6
BRDA:27,2,2,6
BRDA:30,3,0,147
BRDA:30,3,1,339
BRDA:30,4,0,486
BRDA:30,4,1,435
BRDA:32,5,0,51
BRDA:32,5,1,96
BRDA:41,6,0,0
BRDA:41,6,1,147
BRDA:45,7,0,1851
BRDA:45,7,1,2118
BRDA:45,8,0,3969
BRDA:45,8,1,3969
BRDA:46,9,0,1851
BRDA:46,9,1,0
BRDA:50,10,0,0
BRDA:50,10,1,2118
BRDA:50,11,0,2118
BRDA:50,11,1,2118
BRDA:62,12,0,322
BRDA:62,12,1,1001
BRDA:62,13,0,1323
BRDA:62,13,1,322
BRDA:82,14,0,613
BRDA:82,14,1,710
BRDA:82,15,0,1323
BRDA:82,15,1,613
BRDA:96,16,0,339
BRDA:96,16,1,147
BRDA:96,17,0,486
BRDA:96,17,1,390
BRDA:113,18,0,0
BRDA:113,18,1,147
BRDA:117,19,0,1323
BRDA:117,19,1,0
BRF:39
BRH:33
end_of_record
